<html>
<head>
<title>TestNG:  arangodb-crud-mutitenancy</title>
<link href="../testng.css" rel="stylesheet" type="text/css" />
<link href="../my-testng.css" rel="stylesheet" type="text/css" />

<style type="text/css">
.log { display: none;} 
.stack-trace { display: none;} 
</style>
<script type="text/javascript">
<!--
function flip(e) {
  current = e.style.display;
  if (current == 'block') {
    e.style.display = 'none';
    return 0;
  }
  else {
    e.style.display = 'block';
    return 1;
  }
}

function toggleBox(szDivId, elem, msg1, msg2)
{
  var res = -1;  if (document.getElementById) {
    res = flip(document.getElementById(szDivId));
  }
  else if (document.all) {
    // this is the way old msie versions work
    res = flip(document.all[szDivId]);
  }
  if(elem) {
    if(res == 0) elem.innerHTML = msg1; else elem.innerHTML = msg2;
  }

}

function toggleAllBoxes() {
  if (document.getElementsByTagName) {
    d = document.getElementsByTagName('div');
    for (i = 0; i < d.length; i++) {
      if (d[i].className == 'log') {
        flip(d[i]);
      }
    }
  }
}

// -->
</script>

</head>
<body>
<h2 align='center'>arangodb-crud-mutitenancy</h2><table border='1' align="center">
<tr>
<td>Tests passed/Failed/Skipped:</td><td>11/4/0</td>
</tr><tr>
<td>Started on:</td><td>Sat May 09 17:09:49 CST 2020</td>
</tr>
<tr><td>Total time:</td><td>4 seconds (4825 ms)</td>
</tr><tr>
<td>Included groups:</td><td></td>
</tr><tr>
<td>Excluded groups:</td><td></td>
</tr>
</table><p/>
<small><i>(Hover the method name to see the test class name)</i></small><p/>
<table width='100%' border='1' class='invocation-failed'>
<tr><td colspan='4' align='center'><b>FAILED TESTS</b></td></tr>
<tr><td><b>Test method</b></td>
<td width="30%"><b>Exception</b></td>
<td width="10%"><b>Time (seconds)</b></td>
<td><b>Instance</b></td>
</tr>
<tr>
<td title='com.bigdata.springboot.arangodbcrud.ADbCrudApplicationTestNG.deleteComputeTest()'><b>deleteComputeTest</b><br>Test class: com.bigdata.springboot.arangodbcrud.ADbCrudApplicationTestNG</td>
<td><div><pre>java.lang.AssertionError: expected [success] but found [failed]
	at com.bigdata.springboot.arangodbcrud.ADbCrudApplicationTestNG.deleteComputeTest(ADbCrudApplicationTestNG.java:146)
	at org.springframework.test.context.testng.AbstractTestNGSpringContextTests.run(AbstractTestNGSpringContextTests.java:181)
... Removed 33 stack frames</pre></div><a href='#' onClick='toggleBox("stack-trace334761329", this, "Click to show all stack frames", "Click to hide stack frames")'>Click to show all stack frames</a>
<div class='stack-trace' id='stack-trace334761329'><pre>java.lang.AssertionError: expected [success] but found [failed]
	at org.testng.Assert.fail(Assert.java:94)
	at org.testng.Assert.failNotEquals(Assert.java:494)
	at org.testng.Assert.assertEquals(Assert.java:123)
	at org.testng.Assert.assertEquals(Assert.java:165)
	at com.bigdata.springboot.arangodbcrud.ADbCrudApplicationTestNG.deleteComputeTest(ADbCrudApplicationTestNG.java:146)
	at sun.reflect.NativeMethodAccessorImpl.invoke0(Native Method)
	at sun.reflect.NativeMethodAccessorImpl.invoke(NativeMethodAccessorImpl.java:62)
	at sun.reflect.DelegatingMethodAccessorImpl.invoke(DelegatingMethodAccessorImpl.java:43)
	at java.lang.reflect.Method.invoke(Method.java:498)
	at org.testng.internal.MethodInvocationHelper.invokeMethod(MethodInvocationHelper.java:84)
	at org.testng.internal.MethodInvocationHelper$1.runTestMethod(MethodInvocationHelper.java:200)
	at org.springframework.test.context.testng.AbstractTestNGSpringContextTests.run(AbstractTestNGSpringContextTests.java:181)
	at sun.reflect.NativeMethodAccessorImpl.invoke0(Native Method)
	at sun.reflect.NativeMethodAccessorImpl.invoke(NativeMethodAccessorImpl.java:62)
	at sun.reflect.DelegatingMethodAccessorImpl.invoke(DelegatingMethodAccessorImpl.java:43)
	at java.lang.reflect.Method.invoke(Method.java:498)
	at org.testng.internal.MethodInvocationHelper.invokeHookable(MethodInvocationHelper.java:212)
	at org.testng.internal.Invoker.invokeMethod(Invoker.java:707)
	at org.testng.internal.Invoker.invokeTestMethod(Invoker.java:901)
	at org.testng.internal.Invoker.invokeTestMethods(Invoker.java:1231)
	at org.testng.internal.TestMethodWorker.invokeTestMethods(TestMethodWorker.java:127)
	at org.testng.internal.TestMethodWorker.run(TestMethodWorker.java:111)
	at org.testng.TestRunner.privateRun(TestRunner.java:767)
	at org.testng.TestRunner.run(TestRunner.java:617)
	at org.testng.SuiteRunner.runTest(SuiteRunner.java:334)
	at org.testng.SuiteRunner.runSequentially(SuiteRunner.java:329)
	at org.testng.SuiteRunner.privateRun(SuiteRunner.java:291)
	at org.testng.SuiteRunner.run(SuiteRunner.java:240)
	at org.testng.SuiteRunnerWorker.runSuite(SuiteRunnerWorker.java:52)
	at org.testng.SuiteRunnerWorker.run(SuiteRunnerWorker.java:86)
	at org.testng.TestNG.runSuitesSequentially(TestNG.java:1224)
	at org.testng.TestNG.runSuitesLocally(TestNG.java:1149)
	at org.testng.TestNG.run(TestNG.java:1057)
	at org.testng.IDEARemoteTestNG.run(IDEARemoteTestNG.java:73)
	at org.testng.RemoteTestNGStarter.main(RemoteTestNGStarter.java:123)
</pre></div></td>
<td>0</td>
<td>com.bigdata.springboot.arangodbcrud.ADbCrudApplicationTestNG@2767e23c</td></tr>
<tr>
<td title='com.bigdata.springboot.arangodbcrud.ADbCrudApplicationTestNG.deletedsTest()'><b>deletedsTest</b><br>Test class: com.bigdata.springboot.arangodbcrud.ADbCrudApplicationTestNG</td>
<td><div><pre>java.lang.AssertionError: expected [success] but found [failed]
	at com.bigdata.springboot.arangodbcrud.ADbCrudApplicationTestNG.deletedsTest(ADbCrudApplicationTestNG.java:176)
	at org.springframework.test.context.testng.AbstractTestNGSpringContextTests.run(AbstractTestNGSpringContextTests.java:181)
... Removed 33 stack frames</pre></div><a href='#' onClick='toggleBox("stack-trace810582118", this, "Click to show all stack frames", "Click to hide stack frames")'>Click to show all stack frames</a>
<div class='stack-trace' id='stack-trace810582118'><pre>java.lang.AssertionError: expected [success] but found [failed]
	at org.testng.Assert.fail(Assert.java:94)
	at org.testng.Assert.failNotEquals(Assert.java:494)
	at org.testng.Assert.assertEquals(Assert.java:123)
	at org.testng.Assert.assertEquals(Assert.java:165)
	at com.bigdata.springboot.arangodbcrud.ADbCrudApplicationTestNG.deletedsTest(ADbCrudApplicationTestNG.java:176)
	at sun.reflect.NativeMethodAccessorImpl.invoke0(Native Method)
	at sun.reflect.NativeMethodAccessorImpl.invoke(NativeMethodAccessorImpl.java:62)
	at sun.reflect.DelegatingMethodAccessorImpl.invoke(DelegatingMethodAccessorImpl.java:43)
	at java.lang.reflect.Method.invoke(Method.java:498)
	at org.testng.internal.MethodInvocationHelper.invokeMethod(MethodInvocationHelper.java:84)
	at org.testng.internal.MethodInvocationHelper$1.runTestMethod(MethodInvocationHelper.java:200)
	at org.springframework.test.context.testng.AbstractTestNGSpringContextTests.run(AbstractTestNGSpringContextTests.java:181)
	at sun.reflect.NativeMethodAccessorImpl.invoke0(Native Method)
	at sun.reflect.NativeMethodAccessorImpl.invoke(NativeMethodAccessorImpl.java:62)
	at sun.reflect.DelegatingMethodAccessorImpl.invoke(DelegatingMethodAccessorImpl.java:43)
	at java.lang.reflect.Method.invoke(Method.java:498)
	at org.testng.internal.MethodInvocationHelper.invokeHookable(MethodInvocationHelper.java:212)
	at org.testng.internal.Invoker.invokeMethod(Invoker.java:707)
	at org.testng.internal.Invoker.invokeTestMethod(Invoker.java:901)
	at org.testng.internal.Invoker.invokeTestMethods(Invoker.java:1231)
	at org.testng.internal.TestMethodWorker.invokeTestMethods(TestMethodWorker.java:127)
	at org.testng.internal.TestMethodWorker.run(TestMethodWorker.java:111)
	at org.testng.TestRunner.privateRun(TestRunner.java:767)
	at org.testng.TestRunner.run(TestRunner.java:617)
	at org.testng.SuiteRunner.runTest(SuiteRunner.java:334)
	at org.testng.SuiteRunner.runSequentially(SuiteRunner.java:329)
	at org.testng.SuiteRunner.privateRun(SuiteRunner.java:291)
	at org.testng.SuiteRunner.run(SuiteRunner.java:240)
	at org.testng.SuiteRunnerWorker.runSuite(SuiteRunnerWorker.java:52)
	at org.testng.SuiteRunnerWorker.run(SuiteRunnerWorker.java:86)
	at org.testng.TestNG.runSuitesSequentially(TestNG.java:1224)
	at org.testng.TestNG.runSuitesLocally(TestNG.java:1149)
	at org.testng.TestNG.run(TestNG.java:1057)
	at org.testng.IDEARemoteTestNG.run(IDEARemoteTestNG.java:73)
	at org.testng.RemoteTestNGStarter.main(RemoteTestNGStarter.java:123)
</pre></div></td>
<td>0</td>
<td>com.bigdata.springboot.arangodbcrud.ADbCrudApplicationTestNG@2767e23c</td></tr>
<tr>
<td title='com.bigdata.springboot.arangodbcrud.ADbCrudApplicationTestNG.editComputeTest()'><b>editComputeTest</b><br>Test class: com.bigdata.springboot.arangodbcrud.ADbCrudApplicationTestNG</td>
<td><div><pre>java.lang.AssertionError: expected [success] but found [failed]
	at com.bigdata.springboot.arangodbcrud.ADbCrudApplicationTestNG.editComputeTest(ADbCrudApplicationTestNG.java:141)
	at org.springframework.test.context.testng.AbstractTestNGSpringContextTests.run(AbstractTestNGSpringContextTests.java:181)
... Removed 33 stack frames</pre></div><a href='#' onClick='toggleBox("stack-trace508122132", this, "Click to show all stack frames", "Click to hide stack frames")'>Click to show all stack frames</a>
<div class='stack-trace' id='stack-trace508122132'><pre>java.lang.AssertionError: expected [success] but found [failed]
	at org.testng.Assert.fail(Assert.java:94)
	at org.testng.Assert.failNotEquals(Assert.java:494)
	at org.testng.Assert.assertEquals(Assert.java:123)
	at org.testng.Assert.assertEquals(Assert.java:165)
	at com.bigdata.springboot.arangodbcrud.ADbCrudApplicationTestNG.editComputeTest(ADbCrudApplicationTestNG.java:141)
	at sun.reflect.NativeMethodAccessorImpl.invoke0(Native Method)
	at sun.reflect.NativeMethodAccessorImpl.invoke(NativeMethodAccessorImpl.java:62)
	at sun.reflect.DelegatingMethodAccessorImpl.invoke(DelegatingMethodAccessorImpl.java:43)
	at java.lang.reflect.Method.invoke(Method.java:498)
	at org.testng.internal.MethodInvocationHelper.invokeMethod(MethodInvocationHelper.java:84)
	at org.testng.internal.MethodInvocationHelper$1.runTestMethod(MethodInvocationHelper.java:200)
	at org.springframework.test.context.testng.AbstractTestNGSpringContextTests.run(AbstractTestNGSpringContextTests.java:181)
	at sun.reflect.NativeMethodAccessorImpl.invoke0(Native Method)
	at sun.reflect.NativeMethodAccessorImpl.invoke(NativeMethodAccessorImpl.java:62)
	at sun.reflect.DelegatingMethodAccessorImpl.invoke(DelegatingMethodAccessorImpl.java:43)
	at java.lang.reflect.Method.invoke(Method.java:498)
	at org.testng.internal.MethodInvocationHelper.invokeHookable(MethodInvocationHelper.java:212)
	at org.testng.internal.Invoker.invokeMethod(Invoker.java:707)
	at org.testng.internal.Invoker.invokeTestMethod(Invoker.java:901)
	at org.testng.internal.Invoker.invokeTestMethods(Invoker.java:1231)
	at org.testng.internal.TestMethodWorker.invokeTestMethods(TestMethodWorker.java:127)
	at org.testng.internal.TestMethodWorker.run(TestMethodWorker.java:111)
	at org.testng.TestRunner.privateRun(TestRunner.java:767)
	at org.testng.TestRunner.run(TestRunner.java:617)
	at org.testng.SuiteRunner.runTest(SuiteRunner.java:334)
	at org.testng.SuiteRunner.runSequentially(SuiteRunner.java:329)
	at org.testng.SuiteRunner.privateRun(SuiteRunner.java:291)
	at org.testng.SuiteRunner.run(SuiteRunner.java:240)
	at org.testng.SuiteRunnerWorker.runSuite(SuiteRunnerWorker.java:52)
	at org.testng.SuiteRunnerWorker.run(SuiteRunnerWorker.java:86)
	at org.testng.TestNG.runSuitesSequentially(TestNG.java:1224)
	at org.testng.TestNG.runSuitesLocally(TestNG.java:1149)
	at org.testng.TestNG.run(TestNG.java:1057)
	at org.testng.IDEARemoteTestNG.run(IDEARemoteTestNG.java:73)
	at org.testng.RemoteTestNGStarter.main(RemoteTestNGStarter.java:123)
</pre></div></td>
<td>0</td>
<td>com.bigdata.springboot.arangodbcrud.ADbCrudApplicationTestNG@2767e23c</td></tr>
<tr>
<td title='com.bigdata.springboot.arangodbcrud.ADbCrudApplicationTestNG.editdsTest()'><b>editdsTest</b><br>Test class: com.bigdata.springboot.arangodbcrud.ADbCrudApplicationTestNG</td>
<td><div><pre>java.lang.AssertionError: expected [success] but found [failed]
	at com.bigdata.springboot.arangodbcrud.ADbCrudApplicationTestNG.editdsTest(ADbCrudApplicationTestNG.java:171)
	at org.springframework.test.context.testng.AbstractTestNGSpringContextTests.run(AbstractTestNGSpringContextTests.java:181)
... Removed 33 stack frames</pre></div><a href='#' onClick='toggleBox("stack-trace515398215", this, "Click to show all stack frames", "Click to hide stack frames")'>Click to show all stack frames</a>
<div class='stack-trace' id='stack-trace515398215'><pre>java.lang.AssertionError: expected [success] but found [failed]
	at org.testng.Assert.fail(Assert.java:94)
	at org.testng.Assert.failNotEquals(Assert.java:494)
	at org.testng.Assert.assertEquals(Assert.java:123)
	at org.testng.Assert.assertEquals(Assert.java:165)
	at com.bigdata.springboot.arangodbcrud.ADbCrudApplicationTestNG.editdsTest(ADbCrudApplicationTestNG.java:171)
	at sun.reflect.NativeMethodAccessorImpl.invoke0(Native Method)
	at sun.reflect.NativeMethodAccessorImpl.invoke(NativeMethodAccessorImpl.java:62)
	at sun.reflect.DelegatingMethodAccessorImpl.invoke(DelegatingMethodAccessorImpl.java:43)
	at java.lang.reflect.Method.invoke(Method.java:498)
	at org.testng.internal.MethodInvocationHelper.invokeMethod(MethodInvocationHelper.java:84)
	at org.testng.internal.MethodInvocationHelper$1.runTestMethod(MethodInvocationHelper.java:200)
	at org.springframework.test.context.testng.AbstractTestNGSpringContextTests.run(AbstractTestNGSpringContextTests.java:181)
	at sun.reflect.NativeMethodAccessorImpl.invoke0(Native Method)
	at sun.reflect.NativeMethodAccessorImpl.invoke(NativeMethodAccessorImpl.java:62)
	at sun.reflect.DelegatingMethodAccessorImpl.invoke(DelegatingMethodAccessorImpl.java:43)
	at java.lang.reflect.Method.invoke(Method.java:498)
	at org.testng.internal.MethodInvocationHelper.invokeHookable(MethodInvocationHelper.java:212)
	at org.testng.internal.Invoker.invokeMethod(Invoker.java:707)
	at org.testng.internal.Invoker.invokeTestMethod(Invoker.java:901)
	at org.testng.internal.Invoker.invokeTestMethods(Invoker.java:1231)
	at org.testng.internal.TestMethodWorker.invokeTestMethods(TestMethodWorker.java:127)
	at org.testng.internal.TestMethodWorker.run(TestMethodWorker.java:111)
	at org.testng.TestRunner.privateRun(TestRunner.java:767)
	at org.testng.TestRunner.run(TestRunner.java:617)
	at org.testng.SuiteRunner.runTest(SuiteRunner.java:334)
	at org.testng.SuiteRunner.runSequentially(SuiteRunner.java:329)
	at org.testng.SuiteRunner.privateRun(SuiteRunner.java:291)
	at org.testng.SuiteRunner.run(SuiteRunner.java:240)
	at org.testng.SuiteRunnerWorker.runSuite(SuiteRunnerWorker.java:52)
	at org.testng.SuiteRunnerWorker.run(SuiteRunnerWorker.java:86)
	at org.testng.TestNG.runSuitesSequentially(TestNG.java:1224)
	at org.testng.TestNG.runSuitesLocally(TestNG.java:1149)
	at org.testng.TestNG.run(TestNG.java:1057)
	at org.testng.IDEARemoteTestNG.run(IDEARemoteTestNG.java:73)
	at org.testng.RemoteTestNGStarter.main(RemoteTestNGStarter.java:123)
</pre></div></td>
<td>0</td>
<td>com.bigdata.springboot.arangodbcrud.ADbCrudApplicationTestNG@2767e23c</td></tr>
</table><p>
<table width='100%' border='1' class='invocation-passed'>
<tr><td colspan='4' align='center'><b>PASSED TESTS</b></td></tr>
<tr><td><b>Test method</b></td>
<td width="30%"><b>Exception</b></td>
<td width="10%"><b>Time (seconds)</b></td>
<td><b>Instance</b></td>
</tr>
<tr>
<td title='com.bigdata.springboot.arangodbcrud.ADbCrudApplicationTestNG.createnotebooksTest()'><b>createnotebooksTest</b><br>Test class: com.bigdata.springboot.arangodbcrud.ADbCrudApplicationTestNG</td>
<td></td>
<td>0</td>
<td>com.bigdata.springboot.arangodbcrud.ADbCrudApplicationTestNG@2767e23c</td></tr>
<tr>
<td title='com.bigdata.springboot.arangodbcrud.ADbCrudApplicationTestNG.deletenotebooksTest()'><b>deletenotebooksTest</b><br>Test class: com.bigdata.springboot.arangodbcrud.ADbCrudApplicationTestNG</td>
<td></td>
<td>0</td>
<td>com.bigdata.springboot.arangodbcrud.ADbCrudApplicationTestNG@2767e23c</td></tr>
<tr>
<td title='com.bigdata.springboot.arangodbcrud.ADbCrudApplicationTestNG.editnotebooksTest()'><b>editnotebooksTest</b><br>Test class: com.bigdata.springboot.arangodbcrud.ADbCrudApplicationTestNG</td>
<td></td>
<td>0</td>
<td>com.bigdata.springboot.arangodbcrud.ADbCrudApplicationTestNG@2767e23c</td></tr>
<tr>
<td title='com.bigdata.springboot.arangodbcrud.ADbCrudApplicationTestNG.getTimeSecTest()'><b>getTimeSecTest</b><br>Test class: com.bigdata.springboot.arangodbcrud.ADbCrudApplicationTestNG</td>
<td></td>
<td>0</td>
<td>com.bigdata.springboot.arangodbcrud.ADbCrudApplicationTestNG@2767e23c</td></tr>
<tr>
<td title='com.bigdata.springboot.arangodbcrud.ADbCrudApplicationTestNG.listDataSourceTest()'><b>listDataSourceTest</b><br>Test class: com.bigdata.springboot.arangodbcrud.ADbCrudApplicationTestNG</td>
<td></td>
<td>0</td>
<td>com.bigdata.springboot.arangodbcrud.ADbCrudApplicationTestNG@2767e23c</td></tr>
<tr>
<td title='com.bigdata.springboot.arangodbcrud.ADbCrudApplicationTestNG.queryComputersTest()'><b>queryComputersTest</b><br>Test class: com.bigdata.springboot.arangodbcrud.ADbCrudApplicationTestNG</td>
<td></td>
<td>0</td>
<td>com.bigdata.springboot.arangodbcrud.ADbCrudApplicationTestNG@2767e23c</td></tr>
<tr>
<td title='com.bigdata.springboot.arangodbcrud.ADbCrudApplicationTestNG.queryExperimentsByDateTest()'><b>queryExperimentsByDateTest</b><br>Test class: com.bigdata.springboot.arangodbcrud.ADbCrudApplicationTestNG</td>
<td></td>
<td>0</td>
<td>com.bigdata.springboot.arangodbcrud.ADbCrudApplicationTestNG@2767e23c</td></tr>
<tr>
<td title='com.bigdata.springboot.arangodbcrud.ADbCrudApplicationTestNG.saveComputeTest()'><b>saveComputeTest</b><br>Test class: com.bigdata.springboot.arangodbcrud.ADbCrudApplicationTestNG</td>
<td></td>
<td>0</td>
<td>com.bigdata.springboot.arangodbcrud.ADbCrudApplicationTestNG@2767e23c</td></tr>
<tr>
<td title='com.bigdata.springboot.arangodbcrud.ADbCrudApplicationTestNG.saveExperimentTest()'><b>saveExperimentTest</b><br>Test class: com.bigdata.springboot.arangodbcrud.ADbCrudApplicationTestNG</td>
<td></td>
<td>0</td>
<td>com.bigdata.springboot.arangodbcrud.ADbCrudApplicationTestNG@2767e23c</td></tr>
<tr>
<td title='com.bigdata.springboot.arangodbcrud.ADbCrudApplicationTestNG.savedsTest()'><b>savedsTest</b><br>Test class: com.bigdata.springboot.arangodbcrud.ADbCrudApplicationTestNG</td>
<td></td>
<td>0</td>
<td>com.bigdata.springboot.arangodbcrud.ADbCrudApplicationTestNG@2767e23c</td></tr>
<tr>
<td title='com.bigdata.springboot.arangodbcrud.ADbCrudApplicationTestNG.viewNotebookTest()'><b>viewNotebookTest</b><br>Test class: com.bigdata.springboot.arangodbcrud.ADbCrudApplicationTestNG</td>
<td></td>
<td>0</td>
<td>com.bigdata.springboot.arangodbcrud.ADbCrudApplicationTestNG@2767e23c</td></tr>
</table><p>
</body>
</html>